[1119/221817.908:INFO:crashpad_lib_loader.cc(80)] Crashpad lib path: C:\Program Files (x86)\Dropbox\Client\237.4.5655\dropbox_crashpad.dll
[1119/221817.909:INFO:crashpad_lib_loader.cc(112)] AddSimpleAnnotation electron_version:19.1.9-dropbox.50
[1119/221817.909:ERROR:crashpad_lib_loader.cc(169)] No crashpad annotations provided
[1119/221831.282:INFO:crashpad_lib_loader.cc(80)] Crashpad lib path: C:\Program Files (x86)\Dropbox\Client\237.4.5655\dropbox_crashpad.dll
[1119/221831.284:INFO:crashpad_lib_loader.cc(112)] AddSimpleAnnotation electron_version:19.1.9-dropbox.50
[1119/221831.284:ERROR:crashpad_lib_loader.cc(169)] No crashpad annotations provided
[1119/222017.886:INFO:crashpad_lib_loader.cc(80)] Crashpad lib path: C:\Program Files (x86)\Dropbox\Client\237.4.5655\dropbox_crashpad.dll
[1119/222017.887:INFO:crashpad_lib_loader.cc(112)] AddSimpleAnnotation electron_version:19.1.9-dropbox.50
[1119/222017.887:INFO:crashpad_lib_loader.cc(112)] AddSimpleAnnotation product_name:desktop_client
[1119/222017.887:INFO:crashpad_lib_loader.cc(112)] AddSimpleAnnotation buildid:main
[1119/222017.887:INFO:crashpad_lib_loader.cc(112)] AddSimpleAnnotation buildno:Dropbox-win-237.4.5655
[1119/222017.887:INFO:crashpad_lib_loader.cc(112)] AddSimpleAnnotation platform:win
[1119/222017.887:INFO:crashpad_lib_loader.cc(112)] AddSimpleAnnotation platform_version:11 26200
[1119/224045.409:INFO:crashpad_lib_loader.cc(80)] Crashpad lib path: C:\Program Files (x86)\Dropbox\Client\237.4.5655\dropbox_crashpad.dll
[1119/224045.410:INFO:crashpad_lib_loader.cc(112)] AddSimpleAnnotation electron_version:19.1.9-dropbox.50
[1119/224045.410:ERROR:crashpad_lib_loader.cc(169)] No crashpad annotations provided
[1119/224100.744:INFO:crashpad_lib_loader.cc(80)] Crashpad lib path: C:\Program Files (x86)\Dropbox\Client\237.4.5655\dropbox_crashpad.dll
[1119/224100.744:INFO:crashpad_lib_loader.cc(112)] AddSimpleAnnotation electron_version:19.1.9-dropbox.50
[1119/224100.744:ERROR:crashpad_lib_loader.cc(169)] No crashpad annotations provided
[1119/224245.393:INFO:crashpad_lib_loader.cc(80)] Crashpad lib path: C:\Program Files (x86)\Dropbox\Client\237.4.5655\dropbox_crashpad.dll
[1119/224245.394:INFO:crashpad_lib_loader.cc(112)] AddSimpleAnnotation electron_version:19.1.9-dropbox.50
[1119/224245.394:INFO:crashpad_lib_loader.cc(112)] AddSimpleAnnotation product_name:desktop_client
[1119/224245.394:INFO:crashpad_lib_loader.cc(112)] AddSimpleAnnotation buildid:main
[1119/224245.394:INFO:crashpad_lib_loader.cc(112)] AddSimpleAnnotation buildno:Dropbox-win-237.4.5655
[1119/224245.394:INFO:crashpad_lib_loader.cc(112)] AddSimpleAnnotation platform:win
[1119/224245.394:INFO:crashpad_lib_loader.cc(112)] AddSimpleAnnotation platform_version:11 26200
[1119/225031.529:INFO:crashpad_lib_loader.cc(80)] Crashpad lib path: C:\Program Files (x86)\Dropbox\Client\237.4.5655\dropbox_crashpad.dll
[1119/225031.530:INFO:crashpad_lib_loader.cc(112)] AddSimpleAnnotation electron_version:19.1.9-dropbox.50
[1119/225031.530:ERROR:crashpad_lib_loader.cc(169)] No crashpad annotations provided
[1119/225043.434:INFO:crashpad_lib_loader.cc(80)] Crashpad lib path: C:\Program Files (x86)\Dropbox\Client\237.4.5655\dropbox_crashpad.dll
[1119/225043.435:INFO:crashpad_lib_loader.cc(112)] AddSimpleAnnotation electron_version:19.1.9-dropbox.50
[1119/225043.435:ERROR:crashpad_lib_loader.cc(169)] No crashpad annotations provided
[1119/225053.755:INFO:crashpad_lib_loader.cc(80)] Crashpad lib path: C:\Program Files (x86)\Dropbox\Client\237.4.5655\dropbox_crashpad.dll
[1119/225053.756:INFO:crashpad_lib_loader.cc(112)] AddSimpleAnnotation electron_version:19.1.9-dropbox.50
[1119/225053.756:ERROR:crashpad_lib_loader.cc(169)] No crashpad annotations provided
[1119/225105.899:INFO:crashpad_lib_loader.cc(80)] Crashpad lib path: C:\Program Files (x86)\Dropbox\Client\237.4.5655\dropbox_crashpad.dll
[1119/225105.901:INFO:crashpad_lib_loader.cc(112)] AddSimpleAnnotation electron_version:19.1.9-dropbox.50
[1119/225105.901:ERROR:crashpad_lib_loader.cc(169)] No crashpad annotations provided
[1119/225253.751:INFO:crashpad_lib_loader.cc(80)] Crashpad lib path: C:\Program Files (x86)\Dropbox\Client\237.4.5655\dropbox_crashpad.dll
[1119/225253.752:INFO:crashpad_lib_loader.cc(112)] AddSimpleAnnotation electron_version:19.1.9-dropbox.50
[1119/225253.752:INFO:crashpad_lib_loader.cc(112)] AddSimpleAnnotation product_name:desktop_client
[1119/225253.752:INFO:crashpad_lib_loader.cc(112)] AddSimpleAnnotation buildid:main
[1119/225253.752:INFO:crashpad_lib_loader.cc(112)] AddSimpleAnnotation buildno:Dropbox-win-237.4.5655
[1119/225253.752:INFO:crashpad_lib_loader.cc(112)] AddSimpleAnnotation platform:win
[1119/225253.752:INFO:crashpad_lib_loader.cc(112)] AddSimpleAnnotation platform_version:11 26200
[1119/231138.427:INFO:crashpad_lib_loader.cc(80)] Crashpad lib path: C:\Program Files (x86)\Dropbox\Client\237.4.5655\dropbox_crashpad.dll
[1119/231138.428:INFO:crashpad_lib_loader.cc(112)] AddSimpleAnnotation electron_version:19.1.9-dropbox.50
[1119/231138.428:ERROR:crashpad_lib_loader.cc(169)] No crashpad annotations provided
[1119/231151.293:INFO:crashpad_lib_loader.cc(80)] Crashpad lib path: C:\Program Files (x86)\Dropbox\Client\237.4.5655\dropbox_crashpad.dll
[1119/231151.294:INFO:crashpad_lib_loader.cc(112)] AddSimpleAnnotation electron_version:19.1.9-dropbox.50
[1119/231151.294:ERROR:crashpad_lib_loader.cc(169)] No crashpad annotations provided
[1119/231200.621:INFO:crashpad_lib_loader.cc(80)] Crashpad lib path: C:\Program Files (x86)\Dropbox\Client\237.4.5655\dropbox_crashpad.dll
[1119/231200.622:INFO:crashpad_lib_loader.cc(112)] AddSimpleAnnotation electron_version:19.1.9-dropbox.50
[1119/231200.622:ERROR:crashpad_lib_loader.cc(169)] No crashpad annotations provided
[1119/231216.857:INFO:crashpad_lib_loader.cc(80)] Crashpad lib path: C:\Program Files (x86)\Dropbox\Client\237.4.5655\dropbox_crashpad.dll
[1119/231216.859:INFO:crashpad_lib_loader.cc(112)] AddSimpleAnnotation electron_version:19.1.9-dropbox.50
[1119/231216.859:ERROR:crashpad_lib_loader.cc(169)] No crashpad annotations provided
[1119/231400.621:INFO:crashpad_lib_loader.cc(80)] Crashpad lib path: C:\Program Files (x86)\Dropbox\Client\237.4.5655\dropbox_crashpad.dll
[1119/231400.622:INFO:crashpad_lib_loader.cc(112)] AddSimpleAnnotation electron_version:19.1.9-dropbox.50
[1119/231400.622:INFO:crashpad_lib_loader.cc(112)] AddSimpleAnnotation product_name:desktop_client
[1119/231400.622:INFO:crashpad_lib_loader.cc(112)] AddSimpleAnnotation buildid:main
[1119/231400.622:INFO:crashpad_lib_loader.cc(112)] AddSimpleAnnotation buildno:Dropbox-win-237.4.5655
[1119/231400.622:INFO:crashpad_lib_loader.cc(112)] AddSimpleAnnotation platform:win
[1119/231400.622:INFO:crashpad_lib_loader.cc(112)] AddSimpleAnnotation platform_version:11 26200
[1119/231900.166:INFO:crashpad_lib_loader.cc(80)] Crashpad lib path: C:\Program Files (x86)\Dropbox\Client\237.4.5655\dropbox_crashpad.dll
[1119/231900.167:INFO:crashpad_lib_loader.cc(112)] AddSimpleAnnotation electron_version:19.1.9-dropbox.50
[1119/231900.167:ERROR:crashpad_lib_loader.cc(169)] No crashpad annotations provided
[1119/231914.086:INFO:crashpad_lib_loader.cc(80)] Crashpad lib path: C:\Program Files (x86)\Dropbox\Client\237.4.5655\dropbox_crashpad.dll
[1119/231914.087:INFO:crashpad_lib_loader.cc(112)] AddSimpleAnnotation electron_version:19.1.9-dropbox.50
[1119/231914.087:ERROR:crashpad_lib_loader.cc(169)] No crashpad annotations provided
[1119/232100.155:INFO:crashpad_lib_loader.cc(80)] Crashpad lib path: C:\Program Files (x86)\Dropbox\Client\237.4.5655\dropbox_crashpad.dll
[1119/232100.156:INFO:crashpad_lib_loader.cc(112)] AddSimpleAnnotation electron_version:19.1.9-dropbox.50
[1119/232100.156:INFO:crashpad_lib_loader.cc(112)] AddSimpleAnnotation product_name:desktop_client
[1119/232100.156:INFO:crashpad_lib_loader.cc(112)] AddSimpleAnnotation buildid:main
[1119/232100.156:INFO:crashpad_lib_loader.cc(112)] AddSimpleAnnotation buildno:Dropbox-win-237.4.5655
[1119/232100.156:INFO:crashpad_lib_loader.cc(112)] AddSimpleAnnotation platform:win
[1119/232100.156:INFO:crashpad_lib_loader.cc(112)] AddSimpleAnnotation platform_version:11 26200
