[dotenv@17.2.3] injecting env (9) from .env.local -- tip: ­ƒöæ add access controls to secrets: https://dotenvx.com/ops

================================================================================
­ƒîÄ B├ÜSQUEDA MASIVA AUTOM├üTICA - LATINOAM├ëRICA
================================================================================
­ƒôà Fecha: 9/11/2025, 22:37:09
Modo: Ô£à IMPORTACI├ôN REAL
================================================================================

­ƒöä Cargando ├íreas existentes desde Supabase...
Ô£à Cargadas 4519 ├íreas existentes
   - 3971 Google Place IDs ├║nicos
   - 4519 slugs ├║nicos
   - 4502 nombres ├║nicos


================================================================================
­ƒîì PROCESANDO: ARGENTINA (AR)
================================================================================

­ƒôÉ Cuadr├¡culas generadas: 84
­ƒöì T├®rminos de b├║squeda: 6
­ƒôè Total b├║squedas estimadas: 504


­ƒôì Cuadr├¡cula 1/84 - Centro: [-53.55, -72.06]
   Buscando "├írea autocaravana"... ÔÜ¬ 0 resultados
   Buscando "camping motorhome"... ÔÜ¬ 0 resultados
   Buscando "estacionamiento motorhome"... ÔÜ¬ 0 resultados
   Buscando "rv park"... ÔÜ¬ 0 resultados
   Buscando "├írea camper"... ÔÜ¬ 0 resultados
   Buscando "parking camper"... ÔÜ¬ 0 resultados

­ƒôì Cuadr├¡cula 2/84 - Centro: [-53.55, -69.06]
   Buscando "├írea autocaravana"... ÔÜ¬ 0 resultados
   Buscando "camping motorhome"... Ô£à 2 resultados
      ÔåÆ Todas son duplicadas
   Buscando "estacionamiento motorhome"... ÔÜ¬ 0 resultados
   Buscando "rv park"... Ô£à 1 resultados
      ÔåÆ Todas son duplicadas
   Buscando "├írea camper"... ÔÜ¬ 0 resultados
   Buscando "parking camper"... ÔÜ¬ 0 resultados

­ƒôì Cuadr├¡cula 3/84 - Centro: [-53.55, -66.06]
   Buscando "├írea autocaravana"... ÔÜ¬ 0 resultados
   Buscando "camping motorhome"... ÔÜ¬ 0 resultados
   Buscando "estacionamiento motorhome"... ÔÜ¬ 0 resultados
   Buscando "rv park"... ÔÜ¬ 0 resultados
   Buscando "├írea camper"... ÔÜ¬ 0 resultados
   Buscando "parking camper"... ÔÜ¬ 0 resultados

­ƒôì Cuadr├¡cula 4/84 - Centro: [-53.55, -63.06]
   Buscando "├írea autocaravana"... ÔÜ¬ 0 resultados
   Buscando "camping motorhome"... ÔÜ¬ 0 resultados
   Buscando "estacionamiento motorhome"... ÔÜ¬ 0 resultados
   Buscando "rv park"... ÔÜ¬ 0 resultados
   Buscando "├írea camper"... ÔÜ¬ 0 resultados
   Buscando "parking camper"... ÔÜ¬ 0 resultados

­ƒôì Cuadr├¡cula 5/84 - Centro: [-53.55, -60.06]
   Buscando "├írea autocaravana"... ÔÜ¬ 0 resultados
   Buscando "camping motorhome"... ÔÜ¬ 0 resultados
   Buscando "estacionamiento motorhome"... ÔÜ¬ 0 resultados
   Buscando "rv park"... ÔÜ¬ 0 resultados
   Buscando "├írea camper"... ÔÜ¬ 0 resultados
   Buscando "parking camper"... ÔÜ¬ 0 resultados

­ƒôì Cuadr├¡cula 6/84 - Centro: [-53.55, -57.06]
   Buscando "├írea autocaravana"... ÔÜ¬ 0 resultados
   Buscando "camping motorhome"... ÔÜ¬ 0 resultados
   Buscando "estacionamiento motorhome"... ÔÜ¬ 0 resultados
   Buscando "rv park"... ÔÜ¬ 0 resultados
   Buscando "├írea camper"... ÔÜ¬ 0 resultados
   Buscando "parking camper"... ÔÜ¬ 0 resultados

­ƒôì Cuadr├¡cula 7/84 - Centro: [-53.55, -54.06]
   Buscando "├írea autocaravana"... ÔÜ¬ 0 resultados
   Buscando "camping motorhome"... ÔÜ¬ 0 resultados
   Buscando "estacionamiento motorhome"... ÔÜ¬ 0 resultados
   Buscando "rv park"... ÔÜ¬ 0 resultados
   Buscando "├írea camper"... ÔÜ¬ 0 resultados
   Buscando "parking camper"... ÔÜ¬ 0 resultados

­ƒôì Cuadr├¡cula 8/84 - Centro: [-50.55, -72.06]
   Buscando "├írea autocaravana"... ÔÜ¬ 0 resultados
   Buscando "camping motorhome"... Ô£à 8 resultados
      ÔåÆ Todas son duplicadas
   Buscando "estacionamiento motorhome"... Ô£à 1 resultados
      ÔåÆ Todas son duplicadas
   Buscando "rv park"... Ô£à 1 resultados
      ÔåÆ Todas son duplicadas
   Buscando "├írea camper"... Ô£à 1 resultados
      ÔåÆ Todas son duplicadas
   Buscando "parking camper"... Ô£à 2 resultados
      ÔåÆ Todas son duplicadas

­ƒôì Cuadr├¡cula 9/84 - Centro: [-50.55, -69.06]
   Buscando "├írea autocaravana"... ÔÜ¬ 0 resultados
   Buscando "camping motorhome"... Ô£à 1 resultados
      ÔåÆ Todas son duplicadas
   Buscando "estacionamiento motorhome"... ÔÜ¬ 0 resultados
   Buscando "rv park"... ÔÜ¬ 0 resultados
   Buscando "├írea camper"... ÔÜ¬ 0 resultados
   Buscando "parking camper"... ÔÜ¬ 0 resultados

­ƒôì Cuadr├¡cula 10/84 - Centro: [-50.55, -66.06]
   Buscando "├írea autocaravana"... ÔÜ¬ 0 resultados
   Buscando "camping motorhome"... ÔÜ¬ 0 resultados
   Buscando "estacionamiento motorhome"... ÔÜ¬ 0 resultados
   Buscando "rv park"... ÔÜ¬ 0 resultados
   Buscando "├írea camper"... ÔÜ¬ 0 resultados
   Buscando "parking camper"... ÔÜ¬ 0 resultados

­ƒôì Cuadr├¡cula 11/84 - Centro: [-50.55, -63.06]
   Buscando "├írea autocaravana"... ÔÜ¬ 0 resultados
   Buscando "camping motorhome"... ÔÜ¬ 0 resultados
   Buscando "estacionamiento motorhome"... ÔÜ¬ 0 resultados
   Buscando "rv park"... ÔÜ¬ 0 resultados
   Buscando "├írea camper"... ÔÜ¬ 0 resultados
   Buscando "parking camper"... ÔÜ¬ 0 resultados

­ƒôì Cuadr├¡cula 12/84 - Centro: [-50.55, -60.06]
   Buscando "├írea autocaravana"... ÔÜ¬ 0 resultados
   Buscando "camping motorhome"... ÔÜ¬ 0 resultados
   Buscando "estacionamiento motorhome"... ÔÜ¬ 0 resultados
   Buscando "rv park"... ÔÜ¬ 0 resultados
   Buscando "├írea camper"... ÔÜ¬ 0 resultados
   Buscando "parking camper"... ÔÜ¬ 0 resultados

­ƒôì Cuadr├¡cula 13/84 - Centro: [-50.55, -57.06]
   Buscando "├írea autocaravana"... ÔÜ¬ 0 resultados
   Buscando "camping motorhome"... ÔÜ¬ 0 resultados
   Buscando "estacionamiento motorhome"... ÔÜ¬ 0 resultados
   Buscando "rv park"... ÔÜ¬ 0 resultados
   Buscando "├írea camper"... ÔÜ¬ 0 resultados
   Buscando "parking camper"... ÔÜ¬ 0 resultados

­ƒôì Cuadr├¡cula 14/84 - Centro: [-50.55, -54.06]
   Buscando "├írea autocaravana"... ÔÜ¬ 0 resultados
   Buscando "camping motorhome"... ÔÜ¬ 0 resultados
   Buscando "estacionamiento motorhome"... ÔÜ¬ 0 resultados
   Buscando "rv park"... ÔÜ¬ 0 resultados
   Buscando "├írea camper"... ÔÜ¬ 0 resultados
   Buscando "parking camper"... ÔÜ¬ 0 resultados

­ƒôì Cuadr├¡cula 15/84 - Centro: [-47.55, -72.06]
   Buscando "├írea autocaravana"... ÔÜ¬ 0 resultados
   Buscando "camping motorhome"... Ô£à 4 resultados
      ÔåÆ Todas son duplicadas
   Buscando "estacionamiento motorhome"... Ô£à 2 resultados
      ÔåÆ Todas son duplicadas
   Buscando "rv park"... ÔÜ¬ 0 resultados
   Buscando "├írea camper"... ÔÜ¬ 0 resultados
   Buscando "parking camper"... ÔÜ¬ 0 resultados

­ƒôì Cuadr├¡cula 16/84 - Centro: [-47.55, -69.06]
   Buscando "├írea autocaravana"... ÔÜ¬ 0 resultados
   Buscando "camping motorhome"... ÔÜ¬ 0 resultados
   Buscando "estacionamiento motorhome"... ÔÜ¬ 0 resultados
   Buscando "rv park"... ÔÜ¬ 0 resultados
   Buscando "├írea camper"... ÔÜ¬ 0 resultados
   Buscando "parking camper"... ÔÜ¬ 0 resultados

­ƒôì Cuadr├¡cula 17/84 - Centro: [-47.55, -66.06]
   Buscando "├írea autocaravana"... ÔÜ¬ 0 resultados
   Buscando "camping motorhome"... Ô£à 2 resultados
      ÔåÆ Todas son duplicadas
   Buscando "estacionamiento motorhome"... Ô£à 2 resultados
      ÔåÆ Todas son duplicadas
   Buscando "rv park"... ÔÜ¬ 0 resultados
   Buscando "├írea camper"... ÔÜ¬ 0 resultados
   Buscando "parking camper"... ÔÜ¬ 0 resultados

­ƒôì Cuadr├¡cula 18/84 - Centro: [-47.55, -63.06]
   Buscando "├írea autocaravana"... ÔÜ¬ 0 resultados
   Buscando "camping motorhome"... ÔÜ¬ 0 resultados
   Buscando "estacionamiento motorhome"... ÔÜ¬ 0 resultados
   Buscando "rv park"... ÔÜ¬ 0 resultados
   Buscando "├írea camper"... ÔÜ¬ 0 resultados
   Buscando "parking camper"... ÔÜ¬ 0 resultados

­ƒôì Cuadr├¡cula 19/84 - Centro: [-47.55, -60.06]
   Buscando "├írea autocaravana"... ÔÜ¬ 0 resultados
   Buscando "camping motorhome"... ÔÜ¬ 0 resultados
   Buscando "estacionamiento motorhome"... ÔÜ¬ 0 resultados
   Buscando "rv park"... ÔÜ¬ 0 resultados
   Buscando "├írea camper"... ÔÜ¬ 0 resultados
   Buscando "parking camper"... ÔÜ¬ 0 resultados

­ƒôì Cuadr├¡cula 20/84 - Centro: [-47.55, -57.06]
   Buscando "├írea autocaravana"... ÔÜ¬ 0 resultados
   Buscando "camping motorhome"... ÔÜ¬ 0 resultados
   Buscando "estacionamiento motorhome"... ÔÜ¬ 0 resultados
   Buscando "rv park"... ÔÜ¬ 0 resultados
   Buscando "├írea camper"... ÔÜ¬ 0 resultados
   Buscando "parking camper"... ÔÜ¬ 0 resultados

­ƒôì Cuadr├¡cula 21/84 - Centro: [-47.55, -54.06]
   Buscando "├írea autocaravana"... ÔÜ¬ 0 resultados
   Buscando "camping motorhome"... ÔÜ¬ 0 resultados
   Buscando "estacionamiento motorhome"... ÔÜ¬ 0 resultados
   Buscando "rv park"... ÔÜ¬ 0 resultados
   Buscando "├írea camper"... ÔÜ¬ 0 resultados
   Buscando "parking camper"... ÔÜ¬ 0 resultados

­ƒôì Cuadr├¡cula 22/84 - Centro: [-44.55, -72.06]
   Buscando "├írea autocaravana"... ÔÜ¬ 0 resultados
   Buscando "camping motorhome"... Ô£à 3 resultados
      ÔåÆ Todas son duplicadas
   Buscando "estacionamiento motorhome"... Ô£à 1 resultados
      ÔåÆ Todas son duplicadas
   Buscando "rv park"... Ô£à 3 resultados
      ÔåÆ Todas son duplicadas
   Buscando "├írea camper"... ÔÜ¬ 0 resultados
   Buscando "parking camper"... ÔÜ¬ 0 resultados

­ƒôì Cuadr├¡cula 23/84 - Centro: [-44.55, -69.06]
   Buscando "├írea autocaravana"... ÔÜ¬ 0 resultados
   Buscando "camping motorhome"... ÔÜ¬ 0 resultados
   Buscando "estacionamiento motorhome"... ÔÜ¬ 0 resultados
   Buscando "rv park"... ÔÜ¬ 0 resultados
   Buscando "├írea camper"... ÔÜ¬ 0 resultados
   Buscando "parking camper"... ÔÜ¬ 0 resultados

­ƒôì Cuadr├¡cula 24/84 - Centro: [-44.55, -66.06]
   Buscando "├írea autocaravana"... ÔÜ¬ 0 resultados
   Buscando "camping motorhome"... Ô£à 1 resultados
      ÔåÆ Todas son duplicadas
   Buscando "estacionamiento motorhome"... Ô£à 1 resultados
      ÔåÆ Todas son duplicadas
   Buscando "rv park"... ÔÜ¬ 0 resultados
   Buscando "├írea camper"... ÔÜ¬ 0 resultados
   Buscando "parking camper"... ÔÜ¬ 0 resultados

­ƒôì Cuadr├¡cula 25/84 - Centro: [-44.55, -63.06]
   Buscando "├írea autocaravana"... ÔÜ¬ 0 resultados
   Buscando "camping motorhome"... ÔÜ¬ 0 resultados
   Buscando "estacionamiento motorhome"... ÔÜ¬ 0 resultados
   Buscando "rv park"... ÔÜ¬ 0 resultados
   Buscando "├írea camper"... ÔÜ¬ 0 resultados
   Buscando "parking camper"... ÔÜ¬ 0 resultados

­ƒôì Cuadr├¡cula 26/84 - Centro: [-44.55, -60.06]
   Buscando "├írea autocaravana"... ÔÜ¬ 0 resultados
   Buscando "camping motorhome"... ÔÜ¬ 0 resultados
   Buscando "estacionamiento motorhome"... ÔÜ¬ 0 resultados
   Buscando "rv park"... ÔÜ¬ 0 resultados
   Buscando "├írea camper"... ÔÜ¬ 0 resultados
   Buscando "parking camper"... ÔÜ¬ 0 resultados

­ƒôì Cuadr├¡cula 27/84 - Centro: [-44.55, -57.06]
   Buscando "├írea autocaravana"... ÔÜ¬ 0 resultados
   Buscando "camping motorhome"... ÔÜ¬ 0 resultados
   Buscando "estacionamiento motorhome"... ÔÜ¬ 0 resultados
   Buscando "rv park"... ÔÜ¬ 0 resultados
   Buscando "├írea camper"... ÔÜ¬ 0 resultados
   Buscando "parking camper"... ÔÜ¬ 0 resultados

­ƒôì Cuadr├¡cula 28/84 - Centro: [-44.55, -54.06]
   Buscando "├írea autocaravana"... ÔÜ¬ 0 resultados
   Buscando "camping motorhome"... ÔÜ¬ 0 resultados
   Buscando "estacionamiento motorhome"... ÔÜ¬ 0 resultados
   Buscando "rv park"... ÔÜ¬ 0 resultados
   Buscando "├írea camper"... ÔÜ¬ 0 resultados
   Buscando "parking camper"... ÔÜ¬ 0 resultados

­ƒôì Cuadr├¡cula 29/84 - Centro: [-41.55, -72.06]
   Buscando "├írea autocaravana"... Ô£à 2 resultados
      ÔåÆ Todas son duplicadas
   Buscando "camping motorhome"... Ô£à 18 resultados
      ÔåÆ Todas son duplicadas
   Buscando "estacionamiento motorhome"... Ô£à 22 resultados
      ÔåÆ 2 nuevas, 20 duplicadas
      Ô£à Importada: Camping Las Rositas
      Ô£à Importada: Camping Viejo Manzano
   Buscando "rv park"... Ô£à 17 resultados
      ÔåÆ Todas son duplicadas
   Buscando "├írea camper"... Ô£à 1 resultados
      ÔåÆ Todas son duplicadas
   Buscando "parking camper"... Ô£à 3 resultados
      ÔåÆ Todas son duplicadas

­ƒôì Cuadr├¡cula 30/84 - Centro: [-41.55, -69.06]
   Buscando "├írea autocaravana"... ÔÜ¬ 0 resultados
   Buscando "camping motorhome"... ÔÜ¬ 0 resultados
   Buscando "estacionamiento motorhome"... ÔÜ¬ 0 resultados
   Buscando "rv park"... ÔÜ¬ 0 resultados
   Buscando "├írea camper"... ÔÜ¬ 0 resultados
   Buscando "parking camper"... Ô£à 1 resultados
      ÔåÆ 1 nuevas, 0 duplicadas
      Ô£à Importada: Estaci├│n de Servicio PUMA, La Meseta SRL

­ƒôì Cuadr├¡cula 31/84 - Centro: [-41.55, -66.06]
   Buscando "├írea autocaravana"... ÔÜ¬ 0 resultados
   Buscando "camping motorhome"... ÔÜ¬ 0 resultados
   Buscando "estacionamiento motorhome"... ÔÜ¬ 0 resultados
   Buscando "rv park"... ÔÜ¬ 0 resultados
   Buscando "├írea camper"... ÔÜ¬ 0 resultados
   Buscando "parking camper"... ÔÜ¬ 0 resultados

­ƒôì Cuadr├¡cula 32/84 - Centro: [-41.55, -63.06]
   Buscando "├írea autocaravana"... ÔÜ¬ 0 resultados
   Buscando "camping motorhome"... Ô£à 2 resultados
      ÔåÆ Todas son duplicadas
   Buscando "estacionamiento motorhome"... Ô£à 1 resultados
      ÔåÆ Todas son duplicadas
   Buscando "rv park"... ÔÜ¬ 0 resultados
   Buscando "├írea camper"... ÔÜ¬ 0 resultados
   Buscando "parking camper"... ÔÜ¬ 0 resultados

­ƒôì Cuadr├¡cula 33/84 - Centro: [-41.55, -60.06]
   Buscando "├írea autocaravana"... ÔÜ¬ 0 resultados
   Buscando "camping motorhome"... ÔÜ¬ 0 resultados
   Buscando "estacionamiento motorhome"... ÔÜ¬ 0 resultados
   Buscando "rv park"... ÔÜ¬ 0 resultados
   Buscando "├írea camper"... ÔÜ¬ 0 resultados
   Buscando "parking camper"... ÔÜ¬ 0 resultados

­ƒôì Cuadr├¡cula 34/84 - Centro: [-41.55, -57.06]
   Buscando "├írea autocaravana"... ÔÜ¬ 0 resultados
   Buscando "camping motorhome"... ÔÜ¬ 0 resultados
   Buscando "estacionamiento motorhome"... ÔÜ¬ 0 resultados
   Buscando "rv park"... ÔÜ¬ 0 resultados
   Buscando "├írea camper"... ÔÜ¬ 0 resultados
   Buscando "parking camper"... ÔÜ¬ 0 resultados

­ƒôì Cuadr├¡cula 35/84 - Centro: [-41.55, -54.06]
   Buscando "├írea autocaravana"... ÔÜ¬ 0 resultados
   Buscando "camping motorhome"... ÔÜ¬ 0 resultados
   Buscando "estacionamiento motorhome"... ÔÜ¬ 0 resultados
   Buscando "rv park"... ÔÜ¬ 0 resultados
   Buscando "├írea camper"... ÔÜ¬ 0 resultados
   Buscando "parking camper"... ÔÜ¬ 0 resultados

­ƒôì Cuadr├¡cula 36/84 - Centro: [-38.55, -72.06]
   Buscando "├írea autocaravana"... ÔÜ¬ 0 resultados
   Buscando "camping motorhome"... Ô£à 11 resultados
      ÔåÆ Todas son duplicadas
   Buscando "estacionamiento motorhome"... Ô£à 6 resultados
      ÔåÆ Todas son duplicadas
   Buscando "rv park"... Ô£à 11 resultados
      ÔåÆ Todas son duplicadas
   Buscando "├írea camper"... ÔÜ¬ 0 resultados
   Buscando "parking camper"... Ô£à 1 resultados
      ÔåÆ Todas son duplicadas

­ƒôì Cuadr├¡cula 37/84 - Centro: [-38.55, -69.06]
   Buscando "├írea autocaravana"... ÔÜ¬ 0 resultados
   Buscando "camping motorhome"... ÔÜ¬ 0 resultados
   Buscando "estacionamiento motorhome"... ÔÜ¬ 0 resultados
   Buscando "rv park"... ÔÜ¬ 0 resultados
   Buscando "├írea camper"... ÔÜ¬ 0 resultados
   Buscando "parking camper"... ÔÜ¬ 0 resultados

­ƒôì Cuadr├¡cula 38/84 - Centro: [-38.55, -66.06]
   Buscando "├írea autocaravana"... ÔÜ¬ 0 resultados
   Buscando "camping motorhome"... ÔÜ¬ 0 resultados
   Buscando "estacionamiento motorhome"... ÔÜ¬ 0 resultados
   Buscando "rv park"... ÔÜ¬ 0 resultados
   Buscando "├írea camper"... ÔÜ¬ 0 resultados
   Buscando "parking camper"... ÔÜ¬ 0 resultados

­ƒôì Cuadr├¡cula 39/84 - Centro: [-38.55, -63.06]
   Buscando "├írea autocaravana"... ÔÜ¬ 0 resultados
   Buscando "camping motorhome"... ÔÜ¬ 0 resultados
   Buscando "estacionamiento motorhome"... Ô£à 1 resultados
      ÔåÆ Todas son duplicadas
   Buscando "rv park"... ÔÜ¬ 0 resultados
   Buscando "├írea camper"... ÔÜ¬ 0 resultados
   Buscando "parking camper"... ÔÜ¬ 0 resultados

­ƒôì Cuadr├¡cula 40/84 - Centro: [-38.55, -60.06]
   Buscando "├írea autocaravana"... ÔÜ¬ 0 resultados
   Buscando "camping motorhome"... Ô£à 5 resultados
      ÔåÆ Todas son duplicadas
   Buscando "estacionamiento motorhome"... Ô£à 3 resultados
      ÔåÆ Todas son duplicadas
   Buscando "rv park"... Ô£à 2 resultados
      ÔåÆ Todas son duplicadas
   Buscando "├írea camper"... ÔÜ¬ 0 resultados
   Buscando "parking camper"... ÔÜ¬ 0 resultados

­ƒôì Cuadr├¡cula 41/84 - Centro: [-38.55, -57.06]
   Buscando "├írea autocaravana"... ÔÜ¬ 0 resultados
   Buscando "camping motorhome"... ÔÜ¬ 0 resultados
   Buscando "estacionamiento motorhome"... ÔÜ¬ 0 resultados
   Buscando "rv park"... ÔÜ¬ 0 resultados
   Buscando "├írea camper"... ÔÜ¬ 0 resultados
   Buscando "parking camper"... ÔÜ¬ 0 resultados

­ƒôì Cuadr├¡cula 42/84 - Centro: [-38.55, -54.06]
   Buscando "├írea autocaravana"... ÔÜ¬ 0 resultados
   Buscando "camping motorhome"... ÔÜ¬ 0 resultados
   Buscando "estacionamiento motorhome"... ÔÜ¬ 0 resultados
   Buscando "rv park"... ÔÜ¬ 0 resultados
   Buscando "├írea camper"... ÔÜ¬ 0 resultados
   Buscando "parking camper"... ÔÜ¬ 0 resultados

­ƒôì Cuadr├¡cula 43/84 - Centro: [-35.55, -72.06]
   Buscando "├írea autocaravana"... Ô£à 1 resultados
      ÔåÆ Todas son duplicadas
   Buscando "camping motorhome"... Ô£à 4 resultados
      ÔåÆ Todas son duplicadas
   Buscando "estacionamiento motorhome"... Ô£à 2 resultados
      ÔåÆ Todas son duplicadas
   Buscando "rv park"... Ô£à 5 resultados
      ÔåÆ Todas son duplicadas
   Buscando "├írea camper"... ÔÜ¬ 0 resultados
   Buscando "parking camper"... ÔÜ¬ 0 resultados

­ƒôì Cuadr├¡cula 44/84 - Centro: [-35.55, -69.06]
   Buscando "├írea autocaravana"... ÔÜ¬ 0 resultados
   Buscando "camping motorhome"... Ô£à 1 resultados
      ÔåÆ Todas son duplicadas
   Buscando "estacionamiento motorhome"... ÔÜ¬ 0 resultados
   Buscando "rv park"... ÔÜ¬ 0 resultados
   Buscando "├írea camper"... ÔÜ¬ 0 resultados
   Buscando "parking camper"... ÔÜ¬ 0 resultados

­ƒôì Cuadr├¡cula 45/84 - Centro: [-35.55, -66.06]
   Buscando "├írea autocaravana"... ÔÜ¬ 0 resultados
   Buscando "camping motorhome"... ÔÜ¬ 0 resultados
   Buscando "estacionamiento motorhome"... ÔÜ¬ 0 resultados
   Buscando "rv park"... ÔÜ¬ 0 resultados
   Buscando "├írea camper"... ÔÜ¬ 0 resultados
   Buscando "parking camper"... ÔÜ¬ 0 resultados

­ƒôì Cuadr├¡cula 46/84 - Centro: [-35.55, -63.06]
   Buscando "├írea autocaravana"... ÔÜ¬ 0 resultados
   Buscando "camping motorhome"... ÔÜ¬ 0 resultados
   Buscando "estacionamiento motorhome"... Ô£à 1 resultados
      ÔåÆ 1 nuevas, 0 duplicadas
ÔØî Error insertando Camping Club Barrio Alegre: duplicate key value violates unique constraint "areas_slug_key"
   Buscando "rv park"... ÔÜ¬ 0 resultados
   Buscando "├írea camper"... ÔÜ¬ 0 resultados
   Buscando "parking camper"... ÔÜ¬ 0 resultados

­ƒôì Cuadr├¡cula 47/84 - Centro: [-35.55, -60.06]
   Buscando "├írea autocaravana"... ÔÜ¬ 0 resultados
   Buscando "camping motorhome"... Ô£à 1 resultados
      ÔåÆ 1 nuevas, 0 duplicadas
ÔØî Error insertando COMPLEJO ERNESTINA CAMPING-CABA├æAS: duplicate key value violates unique constraint "areas_slug_key"
   Buscando "estacionamiento motorhome"... ÔÜ¬ 0 resultados
   Buscando "rv park"... Ô£à 1 resultados
      ÔåÆ 1 nuevas, 0 duplicadas
ÔØî Error insertando Camping Laguna Indio Muerto: duplicate key value violates unique constraint "areas_slug_key"
   Buscando "├írea camper"... ÔÜ¬ 0 resultados
   Buscando "parking camper"... ÔÜ¬ 0 resultados

­ƒôì Cuadr├¡cula 48/84 - Centro: [-35.55, -57.06]
   Buscando "├írea autocaravana"... ÔÜ¬ 0 resultados
   Buscando "camping motorhome"... Ô£à 1 resultados
      ÔåÆ 1 nuevas, 0 duplicadas
ÔØî Error insertando Camping Municipal El Sarand├¡: duplicate key value violates unique constraint "areas_slug_key"
   Buscando "estacionamiento motorhome"... ÔÜ¬ 0 resultados
   Buscando "rv park"... ÔÜ¬ 0 resultados
   Buscando "├írea camper"... ÔÜ¬ 0 resultados
   Buscando "parking camper"... ÔÜ¬ 0 resultados

­ƒôì Cuadr├¡cula 49/84 - Centro: [-35.55, -54.06]
   Buscando "├írea autocaravana"... ÔÜ¬ 0 resultados
   Buscando "camping motorhome"... ÔÜ¬ 0 resultados
   Buscando "estacionamiento motorhome"... ÔÜ¬ 0 resultados
   Buscando "rv park"... ÔÜ¬ 0 resultados
   Buscando "├írea camper"... ÔÜ¬ 0 resultados
   Buscando "parking camper"... ÔÜ¬ 0 resultados

­ƒôì Cuadr├¡cula 50/84 - Centro: [-32.55, -72.06]
   Buscando "├írea autocaravana"... ÔÜ¬ 0 resultados
   Buscando "camping motorhome"... ÔÜ¬ 0 resultados
   Buscando "estacionamiento motorhome"... ÔÜ¬ 0 resultados
   Buscando "rv park"... ÔÜ¬ 0 resultados
   Buscando "├írea camper"... ÔÜ¬ 0 resultados
   Buscando "parking camper"... ÔÜ¬ 0 resultados

­ƒôì Cuadr├¡cula 51/84 - Centro: [-32.55, -69.06]
   Buscando "├írea autocaravana"... Ô£à 1 resultados
      ÔåÆ 1 nuevas, 0 duplicadas
ÔØî Error insertando VALDEZ ALQUILER DE CASILLAS RODANTES: duplicate key value violates unique constraint "areas_slug_key"
   Buscando "camping motorhome"... Ô£à 14 resultados
      ÔåÆ 14 nuevas, 0 duplicadas
ÔØî Error insertando Camping Vialidad: duplicate key value violates unique constraint "areas_slug_key"
ÔØî Error insertando Camping Suizo Mendoza: duplicate key value violates unique constraint "areas_slug_key"
ÔØî Error insertando Allegro Camping: duplicate key value violates unique constraint "areas_slug_key"
ÔØî Error insertando Camping y Caba├▒as El Mangrullo: duplicate key value violates unique constraint "areas_slug_key"
ÔØî Error insertando Camping de Recreo Luz y Fuerza: duplicate key value violates unique constraint "areas_slug_key"
ÔØî Error insertando Camping UNI├ôN: duplicate key value violates unique constraint "areas_slug_key"
ÔØî Error insertando Cuyanita Parador Rodantero: duplicate key value violates unique constraint "areas_slug_key"
ÔØî Error insertando Camping Juan Bautista: duplicate key value violates unique constraint "areas_slug_key"
ÔØî Error insertando Lago Potrerillos: duplicate key value violates unique constraint "areas_slug_key"
ÔØî Error insertando Camping Rayen Cur├í: duplicate key value violates unique constraint "areas_slug_key"
ÔØî Error insertando C├ímping Municipal Uspallata: duplicate key value violates unique constraint "areas_slug_key"
ÔØî Error insertando Camping y Caba├▒a Rinc├│n de Los Andes: duplicate key value violates unique constraint "areas_slug_key"
ÔØî Error insertando Camping El Monta├▒├®s: duplicate key value violates unique constraint "areas_slug_key"
ÔØî Error insertando Estacionamiento Don Prudencio: duplicate key value violates unique constraint "areas_slug_key"
   Buscando "estacionamiento motorhome"... Ô£à 13 resultados
      ÔåÆ 13 nuevas, 0 duplicadas
ÔØî Error insertando ESTACIONAMIENTO SAN LORENZO: duplicate key value violates unique constraint "areas_slug_key"
ÔØî Error insertando Estacionamiento Don Prudencio: duplicate key value violates unique constraint "areas_slug_key"
ÔØî Error insertando Cuyanita Parador Rodantero: duplicate key value violates unique constraint "areas_slug_key"
ÔØî Error insertando Playa Peru 24hs: duplicate key value violates unique constraint "areas_slug_key"
ÔØî Error insertando Estacionamiento senderos: duplicate key value violates unique constraint "areas_slug_key"
ÔØî Error insertando Camping Juan Bautista: duplicate key value violates unique constraint "areas_slug_key"
ÔØî Error insertando Estacionamiento y guarda de camiones: duplicate key value violates unique constraint "areas_slug_key"
ÔØî Error insertando Carrocer├¡a La Nueva Reina: duplicate key value violates unique constraint "areas_slug_key"
ÔØî Error insertando Parador Aldo: duplicate key value violates unique constraint "areas_slug_key"
ÔØî Error insertando Camping Vialidad: duplicate key value violates unique constraint "areas_slug_key"
ÔØî Error insertando Camping Suizo Mendoza: duplicate key value violates unique constraint "areas_slug_key"
ÔØî Error insertando Camping y Caba├▒as El Mangrullo: duplicate key value violates unique constraint "areas_slug_key"
ÔØî Error insertando Camping Petrolero Y Gas Privado de Cuyo: duplicate key value violates unique constraint "areas_slug_key"
   Buscando "rv park"... Ô£à 14 resultados
      ÔåÆ 13 nuevas, 1 duplicadas
ÔØî Error insertando Puesto Santa Clara: duplicate key value violates unique constraint "areas_slug_key"
ÔØî Error insertando Andrea: duplicate key value violates unique constraint "areas_slug_key"
ÔØî Error insertando Hertz Parking Mendoza Centro: duplicate key value violates unique constraint "areas_slug_key"
ÔØî Error insertando Gomeria El Chilcal: duplicate key value violates unique constraint "areas_slug_key"
ÔØî Error insertando Cuyanita Parador Rodantero: duplicate key value violates unique constraint "areas_slug_key"
ÔØî Error insertando Estacionamiento senderos: duplicate key value violates unique constraint "areas_slug_key"
ÔØî Error insertando Playa Moreno: duplicate key value violates unique constraint "areas_slug_key"
ÔØî Error insertando Estacionamiento Don Prudencio: duplicate key value violates unique constraint "areas_slug_key"
ÔØî Error insertando CASA DEL GONZA: duplicate key value violates unique constraint "areas_slug_key"
ÔØî Error insertando Estacionamiento OLAS: duplicate key value violates unique constraint "areas_slug_key"
ÔØî Error insertando Peter Parking: duplicate key value violates unique constraint "areas_slug_key"
ÔØî Error insertando Estacionamiento y guarda de camiones: duplicate key value violates unique constraint "areas_slug_key"
ÔØî Error insertando Kathman Parking Services: duplicate key value violates unique constraint "areas_slug_key"
   Buscando "├írea camper"... ÔÜ¬ 0 resultados
   Buscando "parking camper"... ÔÜ¬ 0 resultados

­ƒôì Cuadr├¡cula 52/84 - Centro: [-32.55, -66.06]
   Buscando "├írea autocaravana"... ÔÜ¬ 0 resultados
   Buscando "camping motorhome"... Ô£à 1 resultados
      ÔåÆ 1 nuevas, 0 duplicadas
ÔØî Error insertando Camping Municipal Las Chacras: duplicate key value violates unique constraint "areas_slug_key"
   Buscando "estacionamiento motorhome"... Ô£à 1 resultados
      ÔåÆ 1 nuevas, 0 duplicadas
ÔØî Error insertando Camping Municipal Las Chacras: duplicate key value violates unique constraint "areas_slug_key"
   Buscando "rv park"... Ô£à 2 resultados
      ÔåÆ 2 nuevas, 0 duplicadas
ÔØî Error insertando Camping Diurno "La Familia": duplicate key value violates unique constraint "areas_slug_key"
ÔØî Error insertando Camping municipal N1 Luj├ín: duplicate key value violates unique constraint "areas_slug_key"
   Buscando "├írea camper"... ÔÜ¬ 0 resultados
   Buscando "parking camper"... ÔÜ¬ 0 resultados

­ƒôì Cuadr├¡cula 53/84 - Centro: [-32.55, -63.06]
   Buscando "├írea autocaravana"... ÔÜ¬ 0 resultados
   Buscando "camping motorhome"... Ô£à 2 resultados
      ÔåÆ 2 nuevas, 0 duplicadas
ÔØî Error insertando Camping SMATA: duplicate key value violates unique constraint "areas_slug_key"
ÔØî Error insertando A.T.I.L.R.A Villa Mar├¡a: duplicate key value violates unique constraint "areas_slug_key"
   Buscando "estacionamiento motorhome"... Ô£à 2 resultados
      ÔåÆ 2 nuevas, 0 duplicadas
ÔØî Error insertando A.T.I.L.R.A Villa Mar├¡a: duplicate key value violates unique constraint "areas_slug_key"
ÔØî Error insertando Camping SMATA: duplicate key value violates unique constraint "areas_slug_key"
   Buscando "rv park"... Ô£à 2 resultados
      ÔåÆ 2 nuevas, 0 duplicadas
ÔØî Error insertando Santa Mar├¡a de Punilla: duplicate key value violates unique constraint "areas_slug_key"
ÔØî Error insertando COHERAS BELL VIILLE: duplicate key value violates unique constraint "areas_slug_key"
   Buscando "├írea camper"... ÔÜ¬ 0 resultados
   Buscando "parking camper"... ÔÜ¬ 0 resultados

­ƒôì Cuadr├¡cula 54/84 - Centro: [-32.55, -60.06]
   Buscando "├írea autocaravana"... ÔÜ¬ 0 resultados
   Buscando "camping motorhome"... Ô£à 3 resultados
      ÔåÆ 3 nuevas, 0 duplicadas
ÔØî Error insertando Camping Municipal Nogoy├í: duplicate key value violates unique constraint "areas_slug_key"
ÔØî Error insertando Camping Victoria: duplicate key value violates unique constraint "areas_slug_key"
ÔØî Error insertando Complejo El Ceibo: duplicate key value violates unique constraint "areas_slug_key"
   Buscando "estacionamiento motorhome"... Ô£à 1 resultados
      ÔåÆ 1 nuevas, 0 duplicadas
ÔØî Error insertando Camping Municipal Nogoy├í: duplicate key value violates unique constraint "areas_slug_key"
   Buscando "rv park"... Ô£à 1 resultados
      ÔåÆ 1 nuevas, 0 duplicadas
ÔØî Error insertando Aeroclub y Camping Nogoy├í: duplicate key value violates unique constraint "areas_slug_key"
   Buscando "├írea camper"... ÔÜ¬ 0 resultados
   Buscando "parking camper"... ÔÜ¬ 0 resultados

­ƒôì Cuadr├¡cula 55/84 - Centro: [-32.55, -57.06]
   Buscando "├írea autocaravana"... ÔÜ¬ 0 resultados
   Buscando "camping motorhome"... Ô£à 1 resultados
      ÔåÆ 1 nuevas, 0 duplicadas
ÔØî Error insertando camping termas almiron: duplicate key value violates unique constraint "areas_slug_key"
   Buscando "estacionamiento motorhome"... ÔÜ¬ 0 resultados
   Buscando "rv park"... ÔÜ¬ 0 resultados
   Buscando "├írea camper"... ÔÜ¬ 0 resultados
   Buscando "parking camper"... ÔÜ¬ 0 resultados

­ƒôì Cuadr├¡cula 56/84 - Centro: [-32.55, -54.06]
   Buscando "├írea autocaravana"... ÔÜ¬ 0 resultados
   Buscando "camping motorhome"... Ô£à 1 resultados
      ÔåÆ 1 nuevas, 0 duplicadas
ÔØî Error insertando Parque Rivera: duplicate key value violates unique constraint "areas_slug_key"
   Buscando "estacionamiento motorhome"... Ô£à 3 resultados
      ÔåÆ 3 nuevas, 0 duplicadas
ÔØî Error insertando Estacionamento Doroteo: duplicate key value violates unique constraint "areas_slug_key"
ÔØî Error insertando Estacionamiento Municipal: duplicate key value violates unique constraint "areas_slug_key"
ÔØî Error insertando Playa para motorhome: duplicate key value violates unique constraint "areas_slug_key"
   Buscando "rv park"... Ô£à 1 resultados
      ÔåÆ 1 nuevas, 0 duplicadas
ÔØî Error insertando Estacionamento Doroteo: duplicate key value violates unique constraint "areas_slug_key"
   Buscando "├írea camper"... ÔÜ¬ 0 resultados
   Buscando "parking camper"... Ô£à 1 resultados
      ÔåÆ 1 nuevas, 0 duplicadas
ÔØî Error insertando Estacionamento Doroteo: duplicate key value violates unique constraint "areas_slug_key"

­ƒôì Cuadr├¡cula 57/84 - Centro: [-29.55, -72.06]
   Buscando "├írea autocaravana"... ÔÜ¬ 0 resultados
   Buscando "camping motorhome"... ÔÜ¬ 0 resultados
   Buscando "estacionamiento motorhome"... ÔÜ¬ 0 resultados
   Buscando "rv park"... ÔÜ¬ 0 resultados
   Buscando "├írea camper"... ÔÜ¬ 0 resultados
   Buscando "parking camper"... ÔÜ¬ 0 resultados

­ƒôì Cuadr├¡cula 58/84 - Centro: [-29.55, -69.06]
   Buscando "├írea autocaravana"... ÔÜ¬ 0 resultados
   Buscando "camping motorhome"... ÔÜ¬ 0 resultados
   Buscando "estacionamiento motorhome"... ÔÜ¬ 0 resultados
   Buscando "rv park"... ÔÜ¬ 0 resultados
   Buscando "├írea camper"... ÔÜ¬ 0 resultados
   Buscando "parking camper"... ÔÜ¬ 0 resultados

­ƒôì Cuadr├¡cula 59/84 - Centro: [-29.55, -66.06]
   Buscando "├írea autocaravana"... ÔÜ¬ 0 resultados
   Buscando "camping motorhome"... ÔÜ¬ 0 resultados
   Buscando "estacionamiento motorhome"... ÔÜ¬ 0 resultados
   Buscando "rv park"... ÔÜ¬ 0 resultados
   Buscando "├írea camper"... ÔÜ¬ 0 resultados
   Buscando "parking camper"... ÔÜ¬ 0 resultados

­ƒôì Cuadr├¡cula 60/84 - Centro: [-29.55, -63.06]
   Buscando "├írea autocaravana"... ÔÜ¬ 0 resultados
   Buscando "camping motorhome"... ÔÜ¬ 0 resultados
   Buscando "estacionamiento motorhome"... Ô£à 1 resultados
      ÔåÆ 1 nuevas, 0 duplicadas
ÔØî Error insertando Estacionamiento de Camiones: duplicate key value violates unique constraint "areas_slug_key"
   Buscando "rv park"... ÔÜ¬ 0 resultados
   Buscando "├írea camper"... ÔÜ¬ 0 resultados
   Buscando "parking camper"... ÔÜ¬ 0 resultados

­ƒôì Cuadr├¡cula 61/84 - Centro: [-29.55, -60.06]
   Buscando "├írea autocaravana"... ÔÜ¬ 0 resultados
   Buscando "camping motorhome"... Ô£à 2 resultados
      ÔåÆ 2 nuevas, 0 duplicadas
ÔØî Error insertando Camping los Tatane: duplicate key value violates unique constraint "areas_slug_key"
ÔØî Error insertando Camping Municipal Brisol: duplicate key value violates unique constraint "areas_slug_key"
   Buscando "estacionamiento motorhome"... Ô£à 1 resultados
      ÔåÆ 1 nuevas, 0 duplicadas
ÔØî Error insertando Camping los Tatane: duplicate key value violates unique constraint "areas_slug_key"
   Buscando "rv park"... ÔÜ¬ 0 resultados
   Buscando "├írea camper"... ÔÜ¬ 0 resultados
   Buscando "parking camper"... ÔÜ¬ 0 resultados

­ƒôì Cuadr├¡cula 62/84 - Centro: [-29.55, -57.06]
   Buscando "├írea autocaravana"... ÔÜ¬ 0 resultados
   Buscando "camping motorhome"... Ô£à 7 resultados
      ÔåÆ 6 nuevas, 1 duplicadas
ÔØî Error insertando Sitio v├│ Judita: duplicate key value violates unique constraint "areas_slug_key"
ÔØî Error insertando Sitio Cravo e Canela: duplicate key value violates unique constraint "areas_slug_key"
ÔØî Error insertando Maria Fuma├ºa Camping: duplicate key value violates unique constraint "areas_slug_key"
ÔØî Error insertando Camping Municipal "Rio Uruguay": duplicate key value violates unique constraint "areas_slug_key"
ÔØî Error insertando Camping Municipal Yapey├║: duplicate key value violates unique constraint "areas_slug_key"
ÔØî Error insertando C├ímping Municipal Bonpland Corrientes: duplicate key value violates unique constraint "areas_slug_key"
   Buscando "estacionamiento motorhome"... ÔÜ¬ 0 resultados
   Buscando "rv park"... Ô£à 2 resultados
      ÔåÆ 2 nuevas, 0 duplicadas
ÔØî Error insertando Sitio v├│ Judita: duplicate key value violates unique constraint "areas_slug_key"
ÔØî Error insertando SPEED X PARK: duplicate key value violates unique constraint "areas_slug_key"
   Buscando "├írea camper"... Ô£à 1 resultados
      ÔåÆ 1 nuevas, 0 duplicadas
ÔØî Error insertando Sitio v├│ Judita: duplicate key value violates unique constraint "areas_slug_key"
   Buscando "parking camper"... Ô£à 1 resultados
      ÔåÆ 1 nuevas, 0 duplicadas
ÔØî Error insertando Sitio v├│ Judita: duplicate key value violates unique constraint "areas_slug_key"

­ƒôì Cuadr├¡cula 63/84 - Centro: [-29.55, -54.06]
   Buscando "├írea autocaravana"... ÔÜ¬ 0 resultados
   Buscando "camping motorhome"... Ô£à 2 resultados
      ÔåÆ 2 nuevas, 0 duplicadas
ÔØî Error insertando Balne├írio Zimmermann: duplicate key value violates unique constraint "areas_slug_key"
ÔØî Error insertando Explore Motorhomes: duplicate key value violates unique constraint "areas_slug_key"
   Buscando "estacionamiento motorhome"... Ô£à 1 resultados
      ÔåÆ 1 nuevas, 0 duplicadas
ÔØî Error insertando Explore Motorhomes: duplicate key value violates unique constraint "areas_slug_key"
   Buscando "rv park"... Ô£à 2 resultados
      ÔåÆ 2 nuevas, 0 duplicadas
ÔØî Error insertando Carvalho Lanches: duplicate key value violates unique constraint "areas_slug_key"
ÔØî Error insertando albatroz trailer: duplicate key value violates unique constraint "areas_slug_key"
   Buscando "├írea camper"... ÔÜ¬ 0 resultados
   Buscando "parking camper"... Ô£à 1 resultados
      ÔåÆ 1 nuevas, 0 duplicadas
ÔØî Error insertando Explore Motorhomes: duplicate key value violates unique constraint "areas_slug_key"

­ƒôì Cuadr├¡cula 64/84 - Centro: [-26.55, -72.06]
   Buscando "├írea autocaravana"... ÔÜ¬ 0 resultados
   Buscando "camping motorhome"... ÔÜ¬ 0 resultados
   Buscando "estacionamiento motorhome"... ÔÜ¬ 0 resultados
   Buscando "rv park"... ÔÜ¬ 0 resultados
   Buscando "├írea camper"... ÔÜ¬ 0 resultados
   Buscando "parking camper"... ÔÜ¬ 0 resultados

­ƒôì Cuadr├¡cula 65/84 - Centro: [-26.55, -69.06]
   Buscando "├írea autocaravana"... ÔÜ¬ 0 resultados
   Buscando "camping motorhome"... ÔÜ¬ 0 resultados
   Buscando "estacionamiento motorhome"... ÔÜ¬ 0 resultados
   Buscando "rv park"... ÔÜ¬ 0 resultados
   Buscando "├írea camper"... ÔÜ¬ 0 resultados
   Buscando "parking camper"... ÔÜ¬ 0 resultados

­ƒôì Cuadr├¡cula 66/84 - Centro: [-26.55, -66.06]
   Buscando "├írea autocaravana"... ÔÜ¬ 0 resultados
   Buscando "camping motorhome"... Ô£à 5 resultados
      ÔåÆ 5 nuevas, 0 duplicadas
ÔØî Error insertando Complejo Los Algarrobos: duplicate key value violates unique constraint "areas_slug_key"
ÔØî Error insertando Camping Santa Mar├¡a: duplicate key value violates unique constraint "areas_slug_key"
ÔØî Error insertando Camping Municipal Los Sauzales: duplicate key value violates unique constraint "areas_slug_key"
ÔØî Error insertando Hospedaje "Do├▒a Rogelia": duplicate key value violates unique constraint "areas_slug_key"
ÔØî Error insertando Camping Cocodrilos: duplicate key value violates unique constraint "areas_slug_key"
   Buscando "estacionamiento motorhome"... ÔÜ¬ 0 resultados
   Buscando "rv park"... Ô£à 2 resultados
      ÔåÆ 1 nuevas, 1 duplicadas
ÔØî Error insertando Complejo Los Algarrobos: duplicate key value violates unique constraint "areas_slug_key"
   Buscando "├írea camper"... ÔÜ¬ 0 resultados
   Buscando "parking camper"... ÔÜ¬ 0 resultados

­ƒôì Cuadr├¡cula 67/84 - Centro: [-26.55, -63.06]
   Buscando "├írea autocaravana"... ÔÜ¬ 0 resultados
   Buscando "camping motorhome"... ÔÜ¬ 0 resultados
   Buscando "estacionamiento motorhome"... ÔÜ¬ 0 resultados
   Buscando "rv park"... Ô£à 1 resultados
      ÔåÆ 1 nuevas, 0 duplicadas
ÔØî Error insertando Finca Los Michel: duplicate key value violates unique constraint "areas_slug_key"
   Buscando "├írea camper"... ÔÜ¬ 0 resultados
   Buscando "parking camper"... ÔÜ¬ 0 resultados

­ƒôì Cuadr├¡cula 68/84 - Centro: [-26.55, -60.06]
   Buscando "├írea autocaravana"... ÔÜ¬ 0 resultados
   Buscando "camping motorhome"... Ô£à 1 resultados
      ÔåÆ 1 nuevas, 0 duplicadas
ÔØî Error insertando Camping Municipal Pres. Roque S├íenz Pena: duplicate key value violates unique constraint "areas_slug_key"
   Buscando "estacionamiento motorhome"... ÔÜ¬ 0 resultados
   Buscando "rv park"... ÔÜ¬ 0 resultados
   Buscando "├írea camper"... ÔÜ¬ 0 resultados
   Buscando "parking camper"... ÔÜ¬ 0 resultados

­ƒôì Cuadr├¡cula 69/84 - Centro: [-26.55, -57.06]
   Buscando "├írea autocaravana"... ÔÜ¬ 0 resultados
   Buscando "camping motorhome"... ÔÜ¬ 0 resultados
   Buscando "estacionamiento motorhome"... ÔÜ¬ 0 resultados
   Buscando "rv park"... Ô£à 1 resultados
      ÔåÆ 1 nuevas, 0 duplicadas
ÔØî Error insertando Plaza Fracci├│n Barrio Universitario 2: duplicate key value violates unique constraint "areas_slug_key"
   Buscando "├írea camper"... ÔÜ¬ 0 resultados
   Buscando "parking camper"... ÔÜ¬ 0 resultados

­ƒôì Cuadr├¡cula 70/84 - Centro: [-26.55, -54.06]
   Buscando "├írea autocaravana"... ÔÜ¬ 0 resultados
   Buscando "camping motorhome"... Ô£à 5 resultados
      ÔåÆ 4 nuevas, 1 duplicadas
ÔØî Error insertando Tourist Park Environmental Integration: duplicate key value violates unique constraint "areas_slug_key"
ÔØî Error insertando Complejo Tur├¡stico Farelluk: duplicate key value violates unique constraint "areas_slug_key"
ÔØî Error insertando Complejo DER WALD: duplicate key value violates unique constraint "areas_slug_key"
ÔØî Error insertando Camping Zanoni: duplicate key value violates unique constraint "areas_slug_key"
   Buscando "estacionamiento motorhome"... ÔÜ¬ 0 resultados
   Buscando "rv park"... ÔÜ¬ 0 resultados
   Buscando "├írea camper"... ÔÜ¬ 0 resultados
   Buscando "parking camper"... ÔÜ¬ 0 resultados

­ƒôì Cuadr├¡cula 71/84 - Centro: [-23.55, -72.06]
   Buscando "├írea autocaravana"... ÔÜ¬ 0 resultados
   Buscando "camping motorhome"... ÔÜ¬ 0 resultados
   Buscando "estacionamiento motorhome"... ÔÜ¬ 0 resultados
   Buscando "rv park"... ÔÜ¬ 0 resultados
   Buscando "├írea camper"... ÔÜ¬ 0 resultados
   Buscando "parking camper"... ÔÜ¬ 0 resultados

­ƒôì Cuadr├¡cula 72/84 - Centro: [-23.55, -69.06]
   Buscando "├írea autocaravana"... ÔÜ¬ 0 resultados
   Buscando "camping motorhome"... ÔÜ¬ 0 resultados
   Buscando "estacionamiento motorhome"... ÔÜ¬ 0 resultados
   Buscando "rv park"... ÔÜ¬ 0 resultados
   Buscando "├írea camper"... ÔÜ¬ 0 resultados
   Buscando "parking camper"... ÔÜ¬ 0 resultados

­ƒôì Cuadr├¡cula 73/84 - Centro: [-23.55, -66.06]
   Buscando "├írea autocaravana"... ÔÜ¬ 0 resultados
   Buscando "camping motorhome"... ÔÜ¬ 0 resultados
   Buscando "estacionamiento motorhome"... ÔÜ¬ 0 resultados
   Buscando "rv park"... ÔÜ¬ 0 resultados
   Buscando "├írea camper"... ÔÜ¬ 0 resultados
   Buscando "parking camper"... ÔÜ¬ 0 resultados

­ƒôì Cuadr├¡cula 74/84 - Centro: [-23.55, -63.06]
   Buscando "├írea autocaravana"... ÔÜ¬ 0 resultados
   Buscando "camping motorhome"... ÔÜ¬ 0 resultados
   Buscando "estacionamiento motorhome"... ÔÜ¬ 0 resultados
   Buscando "rv park"... ÔÜ¬ 0 resultados
   Buscando "├írea camper"... ÔÜ¬ 0 resultados
   Buscando "parking camper"... ÔÜ¬ 0 resultados

­ƒôì Cuadr├¡cula 75/84 - Centro: [-23.55, -60.06]
   Buscando "├írea autocaravana"... ÔÜ¬ 0 resultados
   Buscando "camping motorhome"... ÔÜ¬ 0 resultados
   Buscando "estacionamiento motorhome"... ÔÜ¬ 0 resultados
   Buscando "rv park"... ÔÜ¬ 0 resultados
   Buscando "├írea camper"... ÔÜ¬ 0 resultados
   Buscando "parking camper"... ÔÜ¬ 0 resultados

­ƒôì Cuadr├¡cula 76/84 - Centro: [-23.55, -57.06]
   Buscando "├írea autocaravana"... ÔÜ¬ 0 resultados
   Buscando "camping motorhome"... ÔÜ¬ 0 resultados
   Buscando "estacionamiento motorhome"... ÔÜ¬ 0 resultados
   Buscando "rv park"... ÔÜ¬ 0 resultados
   Buscando "├írea camper"... ÔÜ¬ 0 resultados
   Buscando "parking camper"... ÔÜ¬ 0 resultados

­ƒôì Cuadr├¡cula 77/84 - Centro: [-23.55, -54.06]
   Buscando "├írea autocaravana"... ÔÜ¬ 0 resultados
   Buscando "camping motorhome"... Ô£à 1 resultados
      ÔåÆ 1 nuevas, 0 duplicadas
ÔØî Error insertando Camping Municipal de Porto Camargo: duplicate key value violates unique constraint "areas_slug_key"
   Buscando "estacionamiento motorhome"... Ô£à 1 resultados
      ÔåÆ 1 nuevas, 0 duplicadas
ÔØî Error insertando Camping Municipal de Porto Camargo: duplicate key value violates unique constraint "areas_slug_key"
   Buscando "rv park"... Ô£à 2 resultados
      ÔåÆ 2 nuevas, 0 duplicadas
ÔØî Error insertando Camping Municipal de Porto Camargo: duplicate key value violates unique constraint "areas_slug_key"
ÔØî Error insertando BP TURISMO & CAMPING: duplicate key value violates unique constraint "areas_slug_key"
   Buscando "├írea camper"... ÔÜ¬ 0 resultados
   Buscando "parking camper"... ÔÜ¬ 0 resultados

­ƒôì Cuadr├¡cula 78/84 - Centro: [-20.55, -72.06]
   Buscando "├írea autocaravana"... ÔÜ¬ 0 resultados
   Buscando "camping motorhome"... ÔÜ¬ 0 resultados
   Buscando "estacionamiento motorhome"... ÔÜ¬ 0 resultados
   Buscando "rv park"... ÔÜ¬ 0 resultados
   Buscando "├írea camper"... ÔÜ¬ 0 resultados
   Buscando "parking camper"... ÔÜ¬ 0 resultados

­ƒôì Cuadr├¡cula 79/84 - Centro: [-20.55, -69.06]
   Buscando "├írea autocaravana"... Ô£à 1 resultados
      ÔåÆ 1 nuevas, 0 duplicadas
ÔØî Error insertando Descanso Collahuasi: duplicate key value violates unique constraint "areas_slug_key"
   Buscando "camping motorhome"... ÔÜ¬ 0 resultados
   Buscando "estacionamiento motorhome"... ÔÜ¬ 0 resultados
   Buscando "rv park"... Ô£à 1 resultados
      ÔåÆ 1 nuevas, 0 duplicadas
ÔØî Error insertando Descanso Collahuasi: duplicate key value violates unique constraint "areas_slug_key"
   Buscando "├írea camper"... ÔÜ¬ 0 resultados
   Buscando "parking camper"... ÔÜ¬ 0 resultados

­ƒôì Cuadr├¡cula 80/84 - Centro: [-20.55, -66.06]
   Buscando "├írea autocaravana"... ÔÜ¬ 0 resultados
   Buscando "camping motorhome"... ÔÜ¬ 0 resultados
   Buscando "estacionamiento motorhome"... ÔÜ¬ 0 resultados
   Buscando "rv park"... ÔÜ¬ 0 resultados
   Buscando "├írea camper"... ÔÜ¬ 0 resultados
   Buscando "parking camper"... ÔÜ¬ 0 resultados

­ƒôì Cuadr├¡cula 81/84 - Centro: [-20.55, -63.06]
   Buscando "├írea autocaravana"... ÔÜ¬ 0 resultados
   Buscando "camping motorhome"... ÔÜ¬ 0 resultados
   Buscando "estacionamiento motorhome"... ÔÜ¬ 0 resultados
   Buscando "rv park"... ÔÜ¬ 0 resultados
   Buscando "├írea camper"... ÔÜ¬ 0 resultados
   Buscando "parking camper"... ÔÜ¬ 0 resultados

­ƒôì Cuadr├¡cula 82/84 - Centro: [-20.55, -60.06]
   Buscando "├írea autocaravana"... ÔÜ¬ 0 resultados
   Buscando "camping motorhome"... ÔÜ¬ 0 resultados
   Buscando "estacionamiento motorhome"... ÔÜ¬ 0 resultados
   Buscando "rv park"... ÔÜ¬ 0 resultados
   Buscando "├írea camper"... ÔÜ¬ 0 resultados
   Buscando "parking camper"... ÔÜ¬ 0 resultados

­ƒôì Cuadr├¡cula 83/84 - Centro: [-20.55, -57.06]
   Buscando "├írea autocaravana"... ÔÜ¬ 0 resultados
   Buscando "camping motorhome"... Ô£à 3 resultados
      ÔåÆ 3 nuevas, 0 duplicadas
ÔØî Error insertando Recanto LP: duplicate key value violates unique constraint "areas_slug_key"
ÔØî Error insertando Camping 3 irm├úo: duplicate key value violates unique constraint "areas_slug_key"
ÔØî Error insertando Fazenda Casa Nova - Bonito MS: duplicate key value violates unique constraint "areas_slug_key"
   Buscando "estacionamiento motorhome"... ÔÜ¬ 0 resultados
   Buscando "rv park"... ÔÜ¬ 0 resultados
   Buscando "├írea camper"... ÔÜ¬ 0 resultados
   Buscando "parking camper"... ÔÜ¬ 0 resultados

­ƒôì Cuadr├¡cula 84/84 - Centro: [-20.55, -54.06]
   Buscando "├írea autocaravana"... ÔÜ¬ 0 resultados
   Buscando "camping motorhome"... ÔÜ¬ 0 resultados
   Buscando "estacionamiento motorhome"... ÔÜ¬ 0 resultados
   Buscando "rv park"... ÔÜ¬ 0 resultados
   Buscando "├írea camper"... ÔÜ¬ 0 resultados
   Buscando "parking camper"... ÔÜ¬ 0 resultados

================================================================================
­ƒôè RESUMEN - ARGENTINA
================================================================================
B├║squedas realizadas:    504
Resultados encontrados:  269
├üreas nuevas:            112
├üreas duplicadas:        157
├üreas importadas:        3
Errores:                 109
Costo estimado:          $20.72 USD
================================================================================


================================================================================
­ƒîì PROCESANDO: URUGUAY (UY)
================================================================================

­ƒôÉ Cuadr├¡culas generadas: 30
­ƒöì T├®rminos de b├║squeda: 6
­ƒôè Total b├║squedas estimadas: 180


­ƒôì Cuadr├¡cula 1/30 - Centro: [-34.50, -57.93]
   Buscando "├írea autocaravana"... Ô£à 18 resultados
      ÔåÆ 10 nuevas, 8 duplicadas
ÔØî Error insertando KING PARKING: duplicate key value violates unique constraint "areas_slug_key"
ÔØî Error insertando Coop. El Sendero (Guarderia de Camiones): duplicate key value violates unique constraint "areas_slug_key"
ÔØî Error insertando GARAJE Nuevo Mitre: duplicate key value violates unique constraint "areas_slug_key"
ÔØî Error insertando Rodantes Mara: duplicate key value violates unique constraint "areas_slug_key"
ÔØî Error insertando Estacionamiento Almagro - Parking Corrientes: duplicate key value violates unique constraint "areas_slug_key"
ÔØî Error insertando Estacionamiento Garage Friends: duplicate key value violates unique constraint "areas_slug_key"
ÔØî Error insertando Armenia Parking: duplicate key value violates unique constraint "areas_slug_key"
ÔØî Error insertando Motor Home Time Club: duplicate key value violates unique constraint "areas_slug_key"
ÔØî Error insertando YOUR PARKING: duplicate key value violates unique constraint "areas_slug_key"
ÔØî Error insertando Casas Rodantes, Food Trucks y Carros Gastron├│micos KAISEN: duplicate key value violates unique constraint "areas_slug_key"
   Buscando "camping motorhome"... Ô£à 30 resultados
      ÔåÆ 19 nuevas, 11 duplicadas
ÔØî Error insertando Ranchomovil Club Argentino: duplicate key value violates unique constraint "areas_slug_key"
ÔØî Error insertando Camping Sourigues: duplicate key value violates unique constraint "areas_slug_key"
ÔØî Error insertando Ranchom├│vil Club Argentino de Buenos Aires: duplicate key value violates unique constraint "areas_slug_key"
ÔØî Error insertando Wolfcampers, chiclana 123, Bernal: duplicate key value violates unique constraint "areas_slug_key"
ÔØî Error insertando La familia: duplicate key value violates unique constraint "areas_slug_key"
ÔØî Error insertando Camping Los Nogales: duplicate key value violates unique constraint "areas_slug_key"
ÔØî Error insertando Forest Van Argentina: duplicate key value violates unique constraint "areas_slug_key"
ÔØî Error insertando Motor Home Time Club: duplicate key value violates unique constraint "areas_slug_key"
ÔØî Error insertando Lomas Camping: duplicate key value violates unique constraint "areas_slug_key"
ÔØî Error insertando Motor Camping: duplicate key value violates unique constraint "areas_slug_key"
ÔØî Error insertando Camping Villa Borghesi: duplicate key value violates unique constraint "areas_slug_key"
ÔØî Error insertando Silbeco Trailers, N├íutica, Outdoor: duplicate key value violates unique constraint "areas_slug_key"
ÔØî Error insertando Kaisen Local De Casas Rodantes y Trailes o Carros de Comida Food Truck: duplicate key value violates unique constraint "areas_slug_key"
ÔØî Error insertando Guarder├¡a Central: duplicate key value violates unique constraint "areas_slug_key"
ÔØî Error insertando Parque Embarcadero de Yates Riachuelo: duplicate key value violates unique constraint "areas_slug_key"
ÔØî Error insertando GOTITAS RODANTES: duplicate key value violates unique constraint "areas_slug_key"
ÔØî Error insertando Kintupuray Motorhomes: duplicate key value violates unique constraint "areas_slug_key"
ÔØî Error insertando LTCECO: duplicate key value violates unique constraint "areas_slug_key"
ÔØî Error insertando CARAM S.A.: duplicate key value violates unique constraint "areas_slug_key"
   Buscando "estacionamiento motorhome"... Ô£à 47 resultados
      ÔåÆ 35 nuevas, 12 duplicadas
ÔØî Error insertando Guarder├¡a Central: duplicate key value violates unique constraint "areas_slug_key"
ÔØî Error insertando Ranchomovil Club Argentino: duplicate key value violates unique constraint "areas_slug_key"
ÔØî Error insertando Motor Camping: duplicate key value violates unique constraint "areas_slug_key"
ÔØî Error insertando Forest Van Argentina: duplicate key value violates unique constraint "areas_slug_key"
ÔØî Error insertando Itati Rodante Salon ventas: duplicate key value violates unique constraint "areas_slug_key"
ÔØî Error insertando Wolfcampers, chiclana 123, Bernal: duplicate key value violates unique constraint "areas_slug_key"
ÔØî Error insertando Bauscamper: duplicate key value violates unique constraint "areas_slug_key"
ÔØî Error insertando Ranchom├│vil Club Argentino de Buenos Aires: duplicate key value violates unique constraint "areas_slug_key"
ÔØî Error insertando Camping Los Nogales: duplicate key value violates unique constraint "areas_slug_key"
ÔØî Error insertando Lomas Camping: duplicate key value violates unique constraint "areas_slug_key"
ÔØî Error insertando Rhapsody Trailers/ Casas rodantes, trailers gastronomicos, Food trucks.: duplicate key value violates unique constraint "areas_slug_key"
ÔØî Error insertando GOTITAS RODANTES: duplicate key value violates unique constraint "areas_slug_key"
ÔØî Error insertando PointPark ORO: duplicate key value violates unique constraint "areas_slug_key"
ÔØî Error insertando Motor Home Time Club: duplicate key value violates unique constraint "areas_slug_key"
ÔØî Error insertando Estacionamiento M├írmol: duplicate key value violates unique constraint "areas_slug_key"
ÔØî Error insertando Crisven: duplicate key value violates unique constraint "areas_slug_key"
ÔØî Error insertando Estacionamiento castillo: duplicate key value violates unique constraint "areas_slug_key"
ÔØî Error insertando Garage: duplicate key value violates unique constraint "areas_slug_key"
ÔØî Error insertando Rodantes Marben: duplicate key value violates unique constraint "areas_slug_key"
ÔØî Error insertando Kintupuray Motorhomes: duplicate key value violates unique constraint "areas_slug_key"
ÔØî Error insertando LTCECO: duplicate key value violates unique constraint "areas_slug_key"
ÔØî Error insertando CARAM S.A.: duplicate key value violates unique constraint "areas_slug_key"
ÔØî Error insertando Camping Sourigues: duplicate key value violates unique constraint "areas_slug_key"
ÔØî Error insertando MiniRod: duplicate key value violates unique constraint "areas_slug_key"
ÔØî Error insertando ITATI: duplicate key value violates unique constraint "areas_slug_key"
ÔØî Error insertando Unique Palacio San Telmo: duplicate key value violates unique constraint "areas_slug_key"
ÔØî Error insertando Silbeco Trailers, N├íutica, Outdoor: duplicate key value violates unique constraint "areas_slug_key"
ÔØî Error insertando Pmh equipamientos: duplicate key value violates unique constraint "areas_slug_key"
ÔØî Error insertando Gomer├¡a "Del Campo": duplicate key value violates unique constraint "areas_slug_key"
ÔØî Error insertando Kaisen Local De Casas Rodantes y Trailes o Carros de Comida Food Truck: duplicate key value violates unique constraint "areas_slug_key"
      Ô£à Importada: Costanera Uno
ÔØî Error insertando Parking Antares: duplicate key value violates unique constraint "areas_slug_key"
ÔØî Error insertando Estacionamiento Hospital Colonia Samuel Berton: duplicate key value violates unique constraint "areas_slug_key"
ÔØî Error insertando Camping Villa Borghesi: duplicate key value violates unique constraint "areas_slug_key"
ÔØî Error insertando Mundo Bus: duplicate key value violates unique constraint "areas_slug_key"
   Buscando "rv park"... Ô£à 37 resultados
      ÔåÆ 23 nuevas, 14 duplicadas
ÔØî Error insertando Per├│n Park S.A.: duplicate key value violates unique constraint "areas_slug_key"
ÔØî Error insertando Garaje las Abuelas: duplicate key value violates unique constraint "areas_slug_key"
ÔØî Error insertando Guarder├¡a Central: duplicate key value violates unique constraint "areas_slug_key"
ÔØî Error insertando Coop. El Sendero (Guarderia de Camiones): duplicate key value violates unique constraint "areas_slug_key"
ÔØî Error insertando Garage Independencia: duplicate key value violates unique constraint "areas_slug_key"
ÔØî Error insertando GARAJE Nuevo Mitre: duplicate key value violates unique constraint "areas_slug_key"
ÔØî Error insertando KING PARKING: duplicate key value violates unique constraint "areas_slug_key"
ÔØî Error insertando CONDOMINIO COCHERAS PRIVADAS: duplicate key value violates unique constraint "areas_slug_key"
ÔØî Error insertando Estacionamiento Almagro - Parking Corrientes: duplicate key value violates unique constraint "areas_slug_key"
ÔØî Error insertando Estacionamiento Ministerio Desarrollo Social: duplicate key value violates unique constraint "areas_slug_key"
ÔØî Error insertando Camping de los trabajadores y las trabajadoras constructores Juan Pablo "PATA" Medina: duplicate key value violates unique constraint "areas_slug_key"
ÔØî Error insertando Kaisen Local De Casas Rodantes y Trailes o Carros de Comida Food Truck: duplicate key value violates unique constraint "areas_slug_key"
ÔØî Error insertando Terraza de N├║├▒ez: duplicate key value violates unique constraint "areas_slug_key"
ÔØî Error insertando Rhapsody Trailers/ Casas rodantes, trailers gastronomicos, Food trucks.: duplicate key value violates unique constraint "areas_slug_key"
ÔØî Error insertando estacionamiento el pato: duplicate key value violates unique constraint "areas_slug_key"
ÔØî Error insertando Taller Veh├¡culos El├®ctricos, Monopatines: duplicate key value violates unique constraint "areas_slug_key"
ÔØî Error insertando Truck Stop R2: duplicate key value violates unique constraint "areas_slug_key"
ÔØî Error insertando Juan R Jubany: duplicate key value violates unique constraint "areas_slug_key"
ÔØî Error insertando Camping Villa Borghesi: duplicate key value violates unique constraint "areas_slug_key"
ÔØî Error insertando Azcuenaga Park: duplicate key value violates unique constraint "areas_slug_key"
ÔØî Error insertando Cantam SRL: duplicate key value violates unique constraint "areas_slug_key"
ÔØî Error insertando parking malabia: duplicate key value violates unique constraint "areas_slug_key"
ÔØî Error insertando Garage Do├▒a Mar├¡a: duplicate key value violates unique constraint "areas_slug_key"
   Buscando "├írea camper"... Ô£à 1 resultados
      ÔåÆ Todas son duplicadas
   Buscando "parking camper"... Ô£à 6 resultados
      ÔåÆ 5 nuevas, 1 duplicadas
ÔØî Error insertando CIRCULAR BY TINI: duplicate key value violates unique constraint "areas_slug_key"
ÔØî Error insertando Transporte el Pampero - Encomiendas: duplicate key value violates unique constraint "areas_slug_key"
ÔØî Error insertando Garage Medrano 1046: duplicate key value violates unique constraint "areas_slug_key"
ÔØî Error insertando California Cars: duplicate key value violates unique constraint "areas_slug_key"
ÔØî Error insertando Casas Rodantes, Food Trucks y Carros Gastron├│micos KAISEN: duplicate key value violates unique constraint "areas_slug_key"

­ƒôì Cuadr├¡cula 2/30 - Centro: [-34.50, -56.93]
   Buscando "├írea autocaravana"... ÔÜ¬ 0 resultados
   Buscando "camping motorhome"... Ô£à 3 resultados
      ÔåÆ 3 nuevas, 0 duplicadas
ÔØî Error insertando Camping Municipal de Santa Luc├¡a Dr. Ram├│n Legnani: duplicate key value violates unique constraint "areas_slug_key"
ÔØî Error insertando Camping Dar├¡o Salom├│n - CNC: duplicate key value violates unique constraint "areas_slug_key"
ÔØî Error insertando Balneario Kiy├║: duplicate key value violates unique constraint "areas_slug_key"
   Buscando "estacionamiento motorhome"... Ô£à 3 resultados
      ÔåÆ 2 nuevas, 1 duplicadas
ÔØî Error insertando Parque costero Alberto kurz: duplicate key value violates unique constraint "areas_slug_key"
ÔØî Error insertando Parque Jos├® P. Varela: duplicate key value violates unique constraint "areas_slug_key"
   Buscando "rv park"... Ô£à 1 resultados
      ÔåÆ 1 nuevas, 0 duplicadas
ÔØî Error insertando Campamento Puente Negro: duplicate key value violates unique constraint "areas_slug_key"
   Buscando "├írea camper"... ÔÜ¬ 0 resultados
   Buscando "parking camper"... ÔÜ¬ 0 resultados

­ƒôì Cuadr├¡cula 3/30 - Centro: [-34.50, -55.93]
   Buscando "├írea autocaravana"... Ô£à 1 resultados
      ÔåÆ 1 nuevas, 0 duplicadas
ÔØî Error insertando Glamping y Camping Playa Escondida: duplicate key value violates unique constraint "areas_slug_key"
   Buscando "camping motorhome"... Ô£à 12 resultados
      ÔåÆ 10 nuevas, 2 duplicadas
ÔØî Error insertando La Chacra Holandesa: duplicate key value violates unique constraint "areas_slug_key"
ÔØî Error insertando Todo camping: duplicate key value violates unique constraint "areas_slug_key"
ÔØî Error insertando Colonia de vacaciones de Asociaci├│n funcionarios. de JDC y de Por Amor al Arte: duplicate key value violates unique constraint "areas_slug_key"
ÔØî Error insertando Oveja Negra Campers: duplicate key value violates unique constraint "areas_slug_key"
ÔØî Error insertando Camping Municipal de Santa Luc├¡a Dr. Ram├│n Legnani: duplicate key value violates unique constraint "areas_slug_key"
ÔØî Error insertando Canteras de Vialidad: duplicate key value violates unique constraint "areas_slug_key"
ÔØî Error insertando Glamping y Camping Playa Escondida: duplicate key value violates unique constraint "areas_slug_key"
ÔØî Error insertando MH Tour: duplicate key value violates unique constraint "areas_slug_key"
ÔØî Error insertando Camping El Ensue├▒o: duplicate key value violates unique constraint "areas_slug_key"
ÔØî Error insertando BEWAY MINI CAMPERS: duplicate key value violates unique constraint "areas_slug_key"
   Buscando "estacionamiento motorhome"... Ô£à 2 resultados
      ÔåÆ 1 nuevas, 1 duplicadas
ÔØî Error insertando Motorhom Estacionamiento: duplicate key value violates unique constraint "areas_slug_key"
   Buscando "rv park"... Ô£à 12 resultados
      ÔåÆ 11 nuevas, 1 duplicadas
ÔØî Error insertando Glamping y Camping Playa Escondida: duplicate key value violates unique constraint "areas_slug_key"
ÔØî Error insertando GPS (Galasso Parking Service): duplicate key value violates unique constraint "areas_slug_key"
ÔØî Error insertando Centro Vacacional Atl├íntida CEA: duplicate key value violates unique constraint "areas_slug_key"
ÔØî Error insertando Estacionamiento El Canario: duplicate key value violates unique constraint "areas_slug_key"
ÔØî Error insertando Estacionamiento para motorhom: duplicate key value violates unique constraint "areas_slug_key"
ÔØî Error insertando Estacionamiento Pe├▒arol: duplicate key value violates unique constraint "areas_slug_key"
ÔØî Error insertando Camping de Parque: duplicate key value violates unique constraint "areas_slug_key"
ÔØî Error insertando La Ponderosa: duplicate key value violates unique constraint "areas_slug_key"
ÔØî Error insertando Motorhom Estacionamiento: duplicate key value violates unique constraint "areas_slug_key"
ÔØî Error insertando Overlander Storage Montevideo: duplicate key value violates unique constraint "areas_slug_key"
ÔØî Error insertando Overlander Storage Montevideo: duplicate key value violates unique constraint "areas_slug_key"
   Buscando "├írea camper"... ÔÜ¬ 0 resultados
   Buscando "parking camper"... Ô£à 2 resultados
      ÔåÆ 1 nuevas, 1 duplicadas
ÔØî Error insertando La Chacra Holandesa: duplicate key value violates unique constraint "areas_slug_key"

­ƒôì Cuadr├¡cula 4/30 - Centro: [-34.50, -54.93]
   Buscando "├írea autocaravana"... ÔÜ¬ 0 resultados
   Buscando "camping motorhome"... Ô£à 9 resultados
      ÔåÆ 2 nuevas, 7 duplicadas
ÔØî Error insertando Camping D'Colores: duplicate key value violates unique constraint "areas_slug_key"
ÔØî Error insertando Camping El Ed├®n: duplicate key value violates unique constraint "areas_slug_key"
   Buscando "estacionamiento motorhome"... Ô£à 9 resultados
      ÔåÆ Todas son duplicadas
   Buscando "rv park"... Ô£à 4 resultados
      ÔåÆ 1 nuevas, 3 duplicadas
ÔØî Error insertando Arroyito: duplicate key value violates unique constraint "areas_slug_key"
   Buscando "├írea camper"... ÔÜ¬ 0 resultados
   Buscando "parking camper"... ÔÜ¬ 0 resultados

­ƒôì Cuadr├¡cula 5/30 - Centro: [-34.50, -53.93]
   Buscando "├írea autocaravana"... ÔÜ¬ 0 resultados
   Buscando "camping motorhome"... Ô£à 6 resultados
      ÔåÆ 5 nuevas, 1 duplicadas
ÔØî Error insertando Eco Camping VALIZAS 1900: duplicate key value violates unique constraint "areas_slug_key"
ÔØî Error insertando Camping Ecol├│gico Punta Rubia: duplicate key value violates unique constraint "areas_slug_key"
ÔØî Error insertando El Cocal - Camping ecol├│gico: duplicate key value violates unique constraint "areas_slug_key"
ÔØî Error insertando Camping Aguas Dulces (no tiene piscina, las fotos de la piscina no corresponden al camping): duplicate key value violates unique constraint "areas_slug_key"
ÔØî Error insertando Camping Amaranto: duplicate key value violates unique constraint "areas_slug_key"
   Buscando "estacionamiento motorhome"... Ô£à 3 resultados
      ÔåÆ 1 nuevas, 2 duplicadas
ÔØî Error insertando Camping Ecol├│gico Punta Rubia: duplicate key value violates unique constraint "areas_slug_key"
   Buscando "rv park"... Ô£à 1 resultados
      ÔåÆ Todas son duplicadas
   Buscando "├írea camper"... ÔÜ¬ 0 resultados
   Buscando "parking camper"... ÔÜ¬ 0 resultados

­ƒôì Cuadr├¡cula 6/30 - Centro: [-34.50, -52.93]
   Buscando "├írea autocaravana"... ÔÜ¬ 0 resultados
   Buscando "camping motorhome"... ÔÜ¬ 0 resultados
   Buscando "estacionamiento motorhome"... ÔÜ¬ 0 resultados
   Buscando "rv park"... ÔÜ¬ 0 resultados
   Buscando "├írea camper"... ÔÜ¬ 0 resultados
   Buscando "parking camper"... ÔÜ¬ 0 resultados

­ƒôì Cuadr├¡cula 7/30 - Centro: [-33.50, -57.93]
   Buscando "├írea autocaravana"... ÔÜ¬ 0 resultados
   Buscando "camping motorhome"... Ô£à 3 resultados
      ÔåÆ 1 nuevas, 2 duplicadas
ÔØî Error insertando Camping Municipal Agraciada: duplicate key value violates unique constraint "areas_slug_key"
   Buscando "estacionamiento motorhome"... Ô£à 3 resultados
      ÔåÆ 2 nuevas, 1 duplicadas
ÔØî Error insertando Camping Municipal Agraciada: duplicate key value violates unique constraint "areas_slug_key"
ÔØî Error insertando Peaje - Mercedes: duplicate key value violates unique constraint "areas_slug_key"
   Buscando "rv park"... Ô£à 3 resultados
      ÔåÆ 3 nuevas, 0 duplicadas
ÔØî Error insertando Diana Sosa: duplicate key value violates unique constraint "areas_slug_key"
ÔØî Error insertando Costa Del Dios Verde: duplicate key value violates unique constraint "areas_slug_key"
ÔØî Error insertando Costa de Las Toninas: duplicate key value violates unique constraint "areas_slug_key"
   Buscando "├írea camper"... ÔÜ¬ 0 resultados
   Buscando "parking camper"... ÔÜ¬ 0 resultados

­ƒôì Cuadr├¡cula 8/30 - Centro: [-33.50, -56.93]
   Buscando "├írea autocaravana"... ÔÜ¬ 0 resultados
   Buscando "camping motorhome"... Ô£à 3 resultados
      ÔåÆ 3 nuevas, 0 duplicadas
ÔØî Error insertando Parque Bartolom├® Hidalgo: duplicate key value violates unique constraint "areas_slug_key"
ÔØî Error insertando Parque de la Hispanidad: duplicate key value violates unique constraint "areas_slug_key"
ÔØî Error insertando Balneario Don Ricardo: duplicate key value violates unique constraint "areas_slug_key"
   Buscando "estacionamiento motorhome"... ÔÜ¬ 0 resultados
   Buscando "rv park"... ÔÜ¬ 0 resultados
   Buscando "├írea camper"... ÔÜ¬ 0 resultados
   Buscando "parking camper"... ÔÜ¬ 0 resultados

­ƒôì Cuadr├¡cula 9/30 - Centro: [-33.50, -55.93]
   Buscando "├írea autocaravana"... ÔÜ¬ 0 resultados
   Buscando "camping motorhome"... ÔÜ¬ 0 resultados
   Buscando "estacionamiento motorhome"... ÔÜ¬ 0 resultados
   Buscando "rv park"... ÔÜ¬ 0 resultados
   Buscando "├írea camper"... ÔÜ¬ 0 resultados
   Buscando "parking camper"... ÔÜ¬ 0 resultados

­ƒôì Cuadr├¡cula 10/30 - Centro: [-33.50, -54.93]
   Buscando "├írea autocaravana"... ÔÜ¬ 0 resultados
   Buscando "camping motorhome"... ÔÜ¬ 0 resultados
   Buscando "estacionamiento motorhome"... ÔÜ¬ 0 resultados
   Buscando "rv park"... ÔÜ¬ 0 resultados
   Buscando "├írea camper"... ÔÜ¬ 0 resultados
   Buscando "parking camper"... ÔÜ¬ 0 resultados

­ƒôì Cuadr├¡cula 11/30 - Centro: [-33.50, -53.93]
   Buscando "├írea autocaravana"... ÔÜ¬ 0 resultados
   Buscando "camping motorhome"... Ô£à 2 resultados
      ÔåÆ 2 nuevas, 0 duplicadas
ÔØî Error insertando Caba├▒as Route 66: duplicate key value violates unique constraint "areas_slug_key"
ÔØî Error insertando Complejo Turistico Chuy Caba├▒as Camping Chuy: duplicate key value violates unique constraint "areas_slug_key"
   Buscando "estacionamiento motorhome"... Ô£à 1 resultados
      ÔåÆ Todas son duplicadas
   Buscando "rv park"... ÔÜ¬ 0 resultados
   Buscando "├írea camper"... ÔÜ¬ 0 resultados
   Buscando "parking camper"... Ô£à 1 resultados
      ÔåÆ Todas son duplicadas

­ƒôì Cuadr├¡cula 12/30 - Centro: [-33.50, -52.93]
   Buscando "├írea autocaravana"... ÔÜ¬ 0 resultados
   Buscando "camping motorhome"... Ô£à 3 resultados
      ÔåÆ 3 nuevas, 0 duplicadas
ÔØî Error insertando Camping Del Lago: duplicate key value violates unique constraint "areas_slug_key"
ÔØî Error insertando Caba├▒as Route 66: duplicate key value violates unique constraint "areas_slug_key"
ÔØî Error insertando Complejo Turistico Chuy Caba├▒as Camping Chuy: duplicate key value violates unique constraint "areas_slug_key"
   Buscando "estacionamiento motorhome"... ÔÜ¬ 0 resultados
   Buscando "rv park"... Ô£à 1 resultados
      ÔåÆ 1 nuevas, 0 duplicadas
ÔØî Error insertando Camping Rodrigues: duplicate key value violates unique constraint "areas_slug_key"
   Buscando "├írea camper"... ÔÜ¬ 0 resultados
   Buscando "parking camper"... ÔÜ¬ 0 resultados

­ƒôì Cuadr├¡cula 13/30 - Centro: [-32.50, -57.93]
   Buscando "├írea autocaravana"... ÔÜ¬ 0 resultados
   Buscando "camping motorhome"... Ô£à 9 resultados
      ÔåÆ 9 nuevas, 0 duplicadas
ÔØî Error insertando Camping Club de Pescadores Liebig: duplicate key value violates unique constraint "areas_slug_key"
ÔØî Error insertando Prefectura: duplicate key value violates unique constraint "areas_slug_key"
ÔØî Error insertando NOMADE TRAILER PARK: duplicate key value violates unique constraint "areas_slug_key"
ÔØî Error insertando EcoCamping Colon: duplicate key value violates unique constraint "areas_slug_key"
ÔØî Error insertando camping san jose: duplicate key value violates unique constraint "areas_slug_key"
ÔØî Error insertando El Rocha: duplicate key value violates unique constraint "areas_slug_key"
ÔØî Error insertando Camping Termas de Villa Elisa: duplicate key value violates unique constraint "areas_slug_key"
      Ô£à Importada: Barrio, Mar├¡a del Luj├ín
ÔØî Error insertando Camping Balneario Municipal Rocha: duplicate key value violates unique constraint "areas_slug_key"
   Buscando "estacionamiento motorhome"... Ô£à 3 resultados
      ÔåÆ 3 nuevas, 0 duplicadas
ÔØî Error insertando COLON (E.R.) playon motorhome: duplicate key value violates unique constraint "areas_slug_key"
ÔØî Error insertando Camping Club de Pescadores Liebig: duplicate key value violates unique constraint "areas_slug_key"
ÔØî Error insertando NOMADE TRAILER PARK: duplicate key value violates unique constraint "areas_slug_key"
   Buscando "rv park"... ÔÜ¬ 0 resultados
   Buscando "├írea camper"... ÔÜ¬ 0 resultados
   Buscando "parking camper"... ÔÜ¬ 0 resultados

­ƒôì Cuadr├¡cula 14/30 - Centro: [-32.50, -56.93]
   Buscando "├írea autocaravana"... ÔÜ¬ 0 resultados
   Buscando "camping motorhome"... Ô£à 1 resultados
      ÔåÆ 1 nuevas, 0 duplicadas
ÔØî Error insertando camping termas almiron: duplicate key value violates unique constraint "areas_slug_key"
   Buscando "estacionamiento motorhome"... ÔÜ¬ 0 resultados
   Buscando "rv park"... ÔÜ¬ 0 resultados
